2023-11-05 13:06:22,553 Namespace(conf_thres=0.001, dataDir='', iou_thres=0.6, local_rank=-1, logDir='runs/', modelDir='', prevModelDir='', sync_bn=False)
2023-11-05 13:06:22,553 AUTO_RESUME: False
CUDNN:
  BENCHMARK: True
  DETERMINISTIC: False
  ENABLED: True
DATASET:
  COLOR_RGB: False
  DATAROOT: /home/xingchen/Study/dataset/SDExpressway/images
  DATASET: BddDataset
  DATA_FORMAT: jpg
  FLIP: True
  HSV_H: 0.015
  HSV_S: 0.7
  HSV_V: 0.4
  LABELROOT: /home/xingchen/Study/dataset/SDExpressway/traffic object labels
  LANEROOT: /home/xingchen/Study/dataset/SDExpressway/lane line labels
  MASKROOT: /home/xingchen/Study/dataset/SDExpressway/drivable area labels
  ORG_IMG_SIZE: [720, 1280]
  ROT_FACTOR: 10
  SCALE_FACTOR: 0.25
  SELECT_DATA: False
  SHEAR: 0.0
  TEST_SET: val
  TRAIN_SET: train
  TRANSLATE: 0.1
DEBUG: False
GPUS: (0, 1)
LOG_DIR: runs/
LOSS:
  BOX_GAIN: 0.05
  CLS_GAIN: 0.5
  CLS_POS_WEIGHT: 1.0
  DA_SEG_GAIN: 0.2
  FL_GAMMA: 0.0
  LL_IOU_GAIN: 0.2
  LL_SEG_GAIN: 0.2
  LOSS_NAME: 
  MULTI_HEAD_LAMBDA: None
  OBJ_GAIN: 1.0
  OBJ_POS_WEIGHT: 1.0
  SEG_POS_WEIGHT: 1.0
MODEL:
  EXTRA:
    
  HEADS_NAME: ['']
  IMAGE_SIZE: [640, 640]
  NAME: 
  PRETRAINED: runs/BddDataset/checkpoint.pth
  PRETRAINED_DET: 
  STRU_WITHSHARE: False
NEED_AUTOANCHOR: False
PIN_MEMORY: False
PRINT_FREQ: 20
TEST:
  BATCH_SIZE_PER_GPU: 8
  MODEL_FILE: 
  NMS_CONF_THRESHOLD: 0.001
  NMS_IOU_THRESHOLD: 0.6
  PLOTS: True
  SAVE_JSON: False
  SAVE_TXT: False
TRAIN:
  ANCHOR_THRESHOLD: 4.0
  BATCH_SIZE_PER_GPU: 2
  BEGIN_EPOCH: 0
  DET_ONLY: False
  DRIVABLE_ONLY: False
  ENC_DET_ONLY: False
  ENC_SEG_ONLY: False
  END_EPOCH: 300
  GAMMA1: 0.99
  GAMMA2: 0.0
  IOU_THRESHOLD: 0.2
  LANE_ONLY: False
  LR0: 0.001
  LRF: 0.2
  MOMENTUM: 0.937
  NESTEROV: True
  OPTIMIZER: adam
  PLOT: True
  SEG_ONLY: False
  SHUFFLE: True
  VAL_FREQ: 1
  WARMUP_BIASE_LR: 0.1
  WARMUP_EPOCHS: 3.0
  WARMUP_MOMENTUM: 0.8
  WD: 0.0005
WORKERS: 8
num_seg_class: 2
2023-11-05 13:06:22,596 Using torch 2.0.0+cu118 CUDA:0 (NVIDIA GeForce RTX 3070 Laptop GPU, 7957MB)
2023-11-05 13:06:22,596 
2023-11-05 13:06:25,848 anchors loaded successfully
2023-11-05 13:06:25,856 tensor([[[0.3750, 1.1250],
         [0.6250, 1.3750],
         [0.5000, 2.5000]],

        [[0.4375, 1.1250],
         [0.3750, 2.4375],
         [0.7500, 1.9375]],

        [[0.5938, 1.5625],
         [1.1875, 2.5312],
         [2.1250, 4.9062]]], device='cuda:0')
2023-11-05 13:06:29,867 Epoch: [1][0/1121]	Time 4.009s (4.009s)	Speed 1.0 samples/s	Data 0.400s (0.400s)	Loss 1.20229 (1.20229)
